Log file open, 04/29/17 15:46:19
LogInit:Display: Running engine for game: Blue
LogPlatformFile: Not using cached read wrapper
LogInit:Display: RandInit(190983544) SRandInit(190983545).
LogTaskGraph: Started task graph with 5 named threads and 8 total threads with 1 sets of task threads.
LogStats: Stats thread started at 0.079849
LogInit: Using libcurl 7.47.1
LogInit:  - built for x86_64-pc-win32
LogInit:  - supports SSL with OpenSSL/1.0.2g
LogInit:  - supports HTTP deflate (compression) using libz 1.2.8
LogInit:  - other features:
LogInit:      CURL_VERSION_SSL
LogInit:      CURL_VERSION_LIBZ
LogInit:      CURL_VERSION_IPV6
LogInit:      CURL_VERSION_ASYNCHDNS
LogInit:      CURL_VERSION_LARGEFILE
LogInit:      CURL_VERSION_IDN
LogInit:  CurlRequestOptions (configurable via config and command line):
LogInit:  - bVerifyPeer = false  - Libcurl will NOT verify peer certificate
LogInit:  - bUseHttpProxy = false  - Libcurl will NOT use HTTP proxy
LogInit:  - bDontReuseConnections = false  - Libcurl will reuse connections
LogInit:  - CertBundlePath = nullptr  - Libcurl will use whatever was configured at build time.
LogInit: Build: ++UE4+Release-4.15-CL-3348071
LogInit: Engine Version: 4.15.1-3348071+++UE4+Release-4.15
LogInit: Compatible Engine Version: 4.15.0-3299760+++UE4+Release-4.15
LogInit: Net CL: 3299760
LogDevObjectVersion: Number of dev versions registered: 14
LogDevObjectVersion:   Dev-Blueprints (B0D832E4-1F89-4F0D-ACCF-7EB736FD4AA2): 8
LogDevObjectVersion:   Dev-Build (E1C64328-A22C-4D53-A36C-8E866417BD8C): 0
LogDevObjectVersion:   Dev-Core (375EC13C-06E4-48FB-B500-84F0262A717E): 2
LogDevObjectVersion:   Dev-Editor (E4B068ED-F494-42E9-A231-DA0B2E46BB41): 14
LogDevObjectVersion:   Dev-Framework (CFFC743F-43B0-4480-9391-14DF171D2073): 22
LogDevObjectVersion:   Dev-Mobile (B02B49B5-BB20-44E9-A304-32B752E40360): 0
LogDevObjectVersion:   Dev-Networking (A4E4105C-59A1-49B5-A7C5-40C4547EDFEE): 0
LogDevObjectVersion:   Dev-Online (39C831C9-5AE6-47DC-9A44-9C173E1C8E7C): 0
LogDevObjectVersion:   Dev-Physics (78F01B33-EBEA-4F98-B9B4-84EACCB95AA2): 0
LogDevObjectVersion:   Dev-Platform (6631380F-2D4D-43E0-8009-CF276956A95A): 0
LogDevObjectVersion:   Dev-Rendering (12F88B9F-8875-4AFC-A67C-D90C383ABD29): 12
LogDevObjectVersion:   Dev-Sequencer (7B5AE74C-D270-4C10-A958-57980B212A5A): 3
LogDevObjectVersion:   Dev-VR (D7296918-1DD6-4BDD-9DE2-64A83CC13884): 0
LogDevObjectVersion:   Dev-LoadTimes (C2A15278-BFE7-4AFE-6C17-90FF531DF755): 1
LogInit: Compiled (64-bit): Mar 15 2017 16:52:47
LogInit: Compiled with Visual C++: 19.00.23026.00
LogInit: Build Configuration: Development
LogInit: Branch Name: ++UE4+Release-4.15
LogInit: Command line: -EpicPortal 
LogInit: Base directory: B:/Programs/Epic Games/UE_4.15/Engine/Binaries/Win64/
LogInit: Installed Engine Build: 1
LogInit: Presizing for max 8388607 objects, including 0 objects not considered by GC, pre-allocating 0 bytes for permanent pool.
LogInit: Object subsystem initialized
[2017.04.29-13.46.20:917][  0]LogInit: Selected Device Profile: [Windows]
[2017.04.29-13.46.20:917][  0]LogInit: Applying CVar settings loaded from the selected device profile: [Windows]
[2017.04.29-13.46.20:948][  0]LogInit: Computer: BURK16
[2017.04.29-13.46.20:948][  0]LogInit: User: jae91
[2017.04.29-13.46.20:949][  0]LogInit: CPU Page size=65536, Cores=4
[2017.04.29-13.46.20:949][  0]LogInit: High frequency timer resolution =3.232153 MHz
[2017.04.29-13.46.20:949][  0]LogMemory: Memory total: Physical=10.0GB (10GB approx)
[2017.04.29-13.46.20:949][  0]LogMemory: Platform Memory Stats for Windows
[2017.04.29-13.46.20:949][  0]LogMemory: Process Physical Memory: 262.92 MB used, 262.92 MB peak
[2017.04.29-13.46.20:949][  0]LogMemory: Process Virtual Memory: 262.43 MB used, 262.43 MB peak
[2017.04.29-13.46.20:949][  0]LogMemory: Physical Memory: 5152.39 MB used,  5070.79 MB free, 10223.18 MB total
[2017.04.29-13.46.20:949][  0]LogMemory: Virtual Memory: 643.82 MB used,  5070.79 MB free, 134217728.00 MB total
[2017.04.29-13.46.21:017][  0]LogTextLocalizationManager: No translations for ('sv-SE') exist, falling back to 'en' for localization and internationalization data.
[2017.04.29-13.46.21:652][  0]LogD3D11RHI: D3D11 adapters:
[2017.04.29-13.46.21:703][  0]LogD3D11RHI:    0. 'NVIDIA GeForce GTX 970' (Feature Level 11_0)
[2017.04.29-13.46.21:703][  0]LogD3D11RHI:       4059/0/5111 MB DedicatedVideo/DedicatedSystem/SharedSystem, Outputs:1, VendorId:0x10de
[2017.04.29-13.46.21:704][  0]LogD3D11RHI:    1. 'Microsoft Basic Render Driver' (Feature Level 11_0)
[2017.04.29-13.46.21:704][  0]LogD3D11RHI:       0/0/5111 MB DedicatedVideo/DedicatedSystem/SharedSystem, Outputs:0, VendorId:0x1414
[2017.04.29-13.46.21:704][  0]LogD3D11RHI: Chosen D3D11 Adapter: 0
[2017.04.29-13.46.21:709][  0]LogD3D11RHI: Creating new Direct3DDevice
[2017.04.29-13.46.21:709][  0]LogD3D11RHI:     GPU DeviceId: 0x13c2 (for the marketing name, search the web for "GPU Device Id")
[2017.04.29-13.46.21:709][  0]LogWindows: EnumDisplayDevices:
[2017.04.29-13.46.21:709][  0]LogWindows:    0. 'NVIDIA GeForce GTX 970' (P:1 D:1)
[2017.04.29-13.46.21:710][  0]LogWindows:    1. 'NVIDIA GeForce GTX 970' (P:0 D:0)
[2017.04.29-13.46.21:710][  0]LogWindows:    2. 'NVIDIA GeForce GTX 970' (P:0 D:0)
[2017.04.29-13.46.21:710][  0]LogWindows:    3. 'NVIDIA GeForce GTX 970' (P:0 D:0)
[2017.04.29-13.46.21:710][  0]LogWindows: DebugString: FoundDriverCount:4 
[2017.04.29-13.46.21:710][  0]LogD3D11RHI:     Adapter Name: NVIDIA GeForce GTX 970
[2017.04.29-13.46.21:710][  0]LogD3D11RHI:   Driver Version: 381.89 (internal:22.21.13.8189, unified:381.89)
[2017.04.29-13.46.21:710][  0]LogD3D11RHI:      Driver Date: 4-19-2017
[2017.04.29-13.46.21:710][  0]LogRHI: Texture pool is 1361 MB (70% of 1945 MB)
[2017.04.29-13.46.21:733][  0]LogD3D11RHI: Async texture creation enabled
[2017.04.29-13.46.21:745][  0]LogD3D11RHI: GPU Timing Frequency: 1000.000000 (Debug: 2 1)
[2017.04.29-13.46.21:787][  0]LogShaderCompilers: Guid format shader working directory is 4 characters bigger than the processId version (../../../../../../dev/UE4/UE4DumpYard/Blue/Intermediate/Shaders/WorkingDirectory/8768/).
[2017.04.29-13.46.21:787][  0]LogShaderCompilers: Cleaned the shader compiler working directory 'C:/Users/jae91/AppData/Local/Temp/UnrealShaderWorkingDir/BCBB903F41761F2F6426EDABA8D73150/'.
[2017.04.29-13.46.21:787][  0]LogShaderCompilers:Display: Using Local Shader Compiler.
[2017.04.29-13.46.22:899][  0]LogTemp:Display: Loaded TP AllDesktopTargetPlatform
[2017.04.29-13.46.22:949][  0]LogTemp:Display: Loaded TP MacClientTargetPlatform
[2017.04.29-13.46.22:998][  0]LogTemp:Display: Loaded TP MacNoEditorTargetPlatform
[2017.04.29-13.46.23:048][  0]LogTemp:Display: Loaded TP MacServerTargetPlatform
[2017.04.29-13.46.23:099][  0]LogTemp:Display: Loaded TP MacTargetPlatform
[2017.04.29-13.46.23:148][  0]LogTemp:Display: Loaded TP WindowsClientTargetPlatform
[2017.04.29-13.46.23:197][  0]LogTemp:Display: Loaded TP WindowsNoEditorTargetPlatform
[2017.04.29-13.46.23:273][  0]LogTemp:Display: Loaded TP WindowsServerTargetPlatform
[2017.04.29-13.46.23:311][  0]LogTemp:Display: Loaded TP WindowsTargetPlatform
[2017.04.29-13.46.23:360][  0]LogTemp:Display: Loaded TP AndroidTargetPlatform
[2017.04.29-13.46.23:410][  0]LogTemp:Display: Loaded TP Android_ASTCTargetPlatform
[2017.04.29-13.46.23:465][  0]LogTemp:Display: Loaded TP Android_ATCTargetPlatform
[2017.04.29-13.46.23:514][  0]LogTemp:Display: Loaded TP Android_DXTTargetPlatform
[2017.04.29-13.46.23:562][  0]LogTemp:Display: Loaded TP Android_ETC1TargetPlatform
[2017.04.29-13.46.23:610][  0]LogTemp:Display: Loaded TP Android_ETC2TargetPlatform
[2017.04.29-13.46.23:707][  0]LogTemp:Display: Loaded TP Android_MultiTargetPlatform
[2017.04.29-13.46.23:707][  0]LogTemp:Display: Loaded TP Android_PVRTCTargetPlatform
[2017.04.29-13.46.23:738][  0]LogTemp:Display: Loaded TP HTML5TargetPlatform
[2017.04.29-13.46.23:825][  0]LogTemp:Display: Loaded TP IOSTargetPlatform
[2017.04.29-13.46.23:859][  0]LogTemp:Display: Loaded TP TVOSTargetPlatform
[2017.04.29-13.46.23:909][  0]LogTemp:Display: Loaded TP LinuxClientTargetPlatform
[2017.04.29-13.46.23:958][  0]LogTemp:Display: Loaded TP LinuxNoEditorTargetPlatform
[2017.04.29-13.46.24:008][  0]LogTemp:Display: Loaded TP LinuxServerTargetPlatform
[2017.04.29-13.46.24:057][  0]LogTemp:Display: Loaded TP LinuxTargetPlatform
[2017.04.29-13.46.24:057][  0]LogTargetPlatformManager:Display: Building Assets For Windows
[2017.04.29-13.46.24:421][  0]LogDerivedDataCache:Display: Max Cache Size: 512 MB
[2017.04.29-13.46.24:541][  0]LogDerivedDataCache: Loaded boot cache 0.06s 50MB C:/Users/jae91/AppData/Local/UnrealEngine/4.15/DerivedDataCache/Boot.ddc.
[2017.04.29-13.46.24:541][  0]LogDerivedDataCache:Display: Loaded Boot cache: C:/Users/jae91/AppData/Local/UnrealEngine/4.15/DerivedDataCache/Boot.ddc
[2017.04.29-13.46.24:541][  0]LogDerivedDataCache: FDerivedDataBackendGraph:  Pak pak cache file ../../../../../../dev/UE4/UE4DumpYard/Blue/DerivedDataCache/DDC.ddp not found, will not use a pak cache.
[2017.04.29-13.46.24:541][  0]LogDerivedDataCache: Unable to find inner node Pak for hierarchical cache Hierarchy.
[2017.04.29-13.46.24:541][  0]LogDerivedDataCache: FDerivedDataBackendGraph:  CompressedPak pak cache file ../../../../../../dev/UE4/UE4DumpYard/Blue/DerivedDataCache/Compressed.ddp not found, will not use a pak cache.
[2017.04.29-13.46.24:541][  0]LogDerivedDataCache: Unable to find inner node CompressedPak for hierarchical cache Hierarchy.
[2017.04.29-13.46.24:581][  0]LogDerivedDataCache:Display: Pak cache opened for reading ../../../Engine/DerivedDataCache/Compressed.ddp.
[2017.04.29-13.46.24:593][  0]LogDerivedDataCache: Using Local data cache path C:/Users/jae91/AppData/Local/UnrealEngine/Common/DerivedDataCache: Writable
[2017.04.29-13.46.24:604][  0]LogSlate: Using Freetype 2.6.0
[2017.04.29-13.46.24:604][  0]LogSlate: SlateFontCache - WITH_FREETYPE: 1, WITH_HARFBUZZ: 1
[2017.04.29-13.46.24:604][  0]LogSlate: SlateFontCache - WITH_FREETYPE: 1, WITH_HARFBUZZ: 1
[2017.04.29-13.46.24:897][  0]LogInit: Selected Device Profile: [Windows]
[2017.04.29-13.46.24:900][  0]LogContentStreaming: Texture pool size is 0.00 MB
[2017.04.29-13.46.25:104][  0]LogMeshUtilities: Using QuadricMeshReduction for automatic static mesh reduction
[2017.04.29-13.46.25:140][  0]LogSimplygon: Simplygon DLL not present - disabling.
[2017.04.29-13.46.25:186][  0]LogMeshUtilities: Using SimplygonSwarm for distributed automatic mesh merging
[2017.04.29-13.46.25:186][  0]LogMeshUtilities: No automatic skeletal mesh reduction module available
[2017.04.29-13.46.25:186][  0]LogMeshUtilities: No automatic mesh merging module available
[2017.04.29-13.46.25:739][  0]LogNetVersion: GetLocalNetworkVersion: CL: 3299760, ProjectName: blue, ProjectVersion: , EngineNetworkVersion: 2, GameNetworkVersion: 0, NetworkChecksum: 1432874717
[2017.04.29-13.46.25:781][  0]LogAssetRegistry: FAssetRegistry took 0.0218 seconds to start up
[2017.04.29-13.46.25:812][  0]LogPackageLocalizationCache: Processed 3 localized package path(s) for 1 prioritized culture(s) in 0.012412 seconds
[2017.04.29-13.46.25:818][  0]LogUObjectArray: 32493 objects as part of root set at end of initial load.
[2017.04.29-13.46.25:818][  0]LogUObjectAllocator: 7077032 out of 0 bytes used by permanent object pool.
[2017.04.29-13.46.25:818][  0]LogUObjectArray: CloseDisregardForGC: 0/0 objects in disregard for GC pool
[2017.04.29-13.46.25:870][  0]LogInit: WinSock: version 1.1 (2.2), MaxSocks=32767, MaxUdp=65467
[2017.04.29-13.46.27:049][  0]LogWmfMedia: Failed to load mf.dll
[2017.04.29-13.46.27:049][  0]LogWmfMedia: Failed to load required Windows Media Foundation libraries
[2017.04.29-13.46.27:087][  0]LogWindowsMoviePlayer: Could not load mf.dll. Library not found.
[2017.04.29-13.46.27:088][  0]LogWindowsMoviePlayer: Could not load mfplat.dll. Library not found.
[2017.04.29-13.46.27:088][  0]LogWindowsMoviePlayer: Could not load mfplay.dll. Library not found.
[2017.04.29-13.46.27:358][  0]LogTcpMessaging: Initializing TcpMessaging bridge
[2017.04.29-13.46.27:418][  0]LogUdpMessaging: Initializing bridge on interface 0.0.0.0:0 to multicast group 230.0.0.1:6666.
[2017.04.29-13.46.27:880][  0]LogMaterial: Uniform references updated for custom material expression Custom.
[2017.04.29-13.46.28:222][  0]SourceControl: Info Source control is disabled
[2017.04.29-13.46.28:223][  0]SourceControl: Info Source control is disabled
[2017.04.29-13.46.28:263][  0]SourceControl: Info Source control is disabled
[2017.04.29-13.46.28:302][  0]SourceControl: Info Source control is disabled
[2017.04.29-13.46.29:339][  0]LogEngine: Initializing Engine...
[2017.04.29-13.46.29:339][  0]LogHMD: Failed to initialize OpenVR with code 110
[2017.04.29-13.46.29:555][  0]LogAIModule: Creating AISystem for world Untitled
[2017.04.29-13.46.29:564][  0]LogInit: XAudio2 using 'Speakers (High Definition Audio Device)' : 2 channels at 44.1 kHz using 16 bits per sample (channel mask 0x3)
[2017.04.29-13.46.29:577][  0]LogInit: FAudioDevice initialized.
[2017.04.29-13.46.29:603][  0]LogDerivedDataCache: Saved boot cache 0.03s 50MB C:/Users/jae91/AppData/Local/UnrealEngine/4.15/DerivedDataCache/Boot.ddc.
[2017.04.29-13.46.29:615][  0]LogInit: Texture streaming: Enabled
[2017.04.29-13.46.29:694][  0]LogEngineSessionManager: EngineSessionManager initialized
[2017.04.29-13.46.29:769][  0]LogInit: Transaction tracking system initialized
[2017.04.29-13.46.30:050][  0]BlueprintLog: New page: Editor Load
[2017.04.29-13.46.30:877][  0]LocalizationService: Info Localization service is disabled
[2017.04.29-13.46.31:459][  0]LogConsoleResponse:Display: 
[2017.04.29-13.46.31:680][  0]LogFileCache: Scanning file cache for directory 'B:/dev/UE4/UE4DumpYard/Blue/Content/' took 0.01s
[2017.04.29-13.46.31:680][  0]LogCook:Display: Max memory allowance for cook 16384mb min free memory 0mb
[2017.04.29-13.46.31:680][  0]LogCook:Display: Mobile HDR setting 1
[2017.04.29-13.46.32:526][  0]SourceControl: Info Source control is disabled
[2017.04.29-13.46.32:526][  0]Cmd: MAP LOAD FILE="../../../../../../dev/UE4/UE4DumpYard/Blue/Content/2DSideScrollerCPP/Maps/2DSideScrollerExampleMap.umap" TEMPLATE=0 SHOWPROGRESS=1 FEATURELEVEL=3
[2017.04.29-13.46.32:526][  0]LightingResults: New page: Lighting Build
[2017.04.29-13.46.32:559][  0]MapCheck: New page: Map Check
[2017.04.29-13.46.32:559][  0]LightingResults: New page: Lighting Build
[2017.04.29-13.46.33:037][  0]LogAIModule: Creating AISystem for world 2DSideScrollerExampleMap
[2017.04.29-13.46.33:220][  0]LogEditorServer: Finished looking for orphan Actors (0.000 secs)
[2017.04.29-13.46.33:245][  0]Cmd: MAP CHECKDEP NOCLEARLOG
[2017.04.29-13.46.33:280][  0]MapCheck: Info Map check complete: 0 Error(s), 0 Warning(s), took 35.81ms to complete.
[2017.04.29-13.46.33:281][  0]LogFileHelpers: Loading map '2DSideScrollerExampleMap' took 0.755
[2017.04.29-13.46.34:256][  0]LogCollectionManager: Loaded 0 collections in 0.000921 seconds
[2017.04.29-13.46.34:410][  0]LogFileCache: Scanning file cache for directory 'B:/dev/UE4/UE4DumpYard/Blue/Saved/Collections/' took 0.01s
[2017.04.29-13.46.34:410][  0]LogFileCache: Scanning file cache for directory 'B:/dev/UE4/UE4DumpYard/Blue/Content/Developers/jae91/Collections/' took 0.01s
[2017.04.29-13.46.34:410][  0]LogFileCache: Scanning file cache for directory 'B:/dev/UE4/UE4DumpYard/Blue/Content/Collections/' took 0.01s
[2017.04.29-13.46.34:410][  0]LogCollectionManager: Rebuilt the GUID cache for 0 collections in 0.000002 seconds
[2017.04.29-13.46.34:430][  0]LogContentBrowser: Native class hierarchy populated in 0.0112 seconds. Added 2247 classes and 455 folders.
[2017.04.29-13.46.34:498][  0]LogStats: UGameplayTagsManager::ConstructGameplayTagTree: Construct from data asset -  0.000 s
[2017.04.29-13.46.34:499][  0]LogStats: UGameplayTagsManager::ConstructGameplayTagTree: GameplayTagTreeChangedEvent.Broadcast -  0.000 s
[2017.04.29-13.46.34:552][  0]LogContentBrowser: Native class hierarchy updated for 'WidgetCarousel' in 0.0012 seconds. Added 0 classes and 0 folders.
[2017.04.29-13.46.34:588][  0]LogContentBrowser: Native class hierarchy updated for 'AddContentDialog' in 0.0012 seconds. Added 0 classes and 0 folders.
[2017.04.29-13.46.34:708][  0]LogContentBrowser: Native class hierarchy updated for 'SceneOutliner' in 0.0015 seconds. Added 1 classes and 2 folders.
[2017.04.29-13.46.35:295][  0]LogCrashTracker: Crashtracker disabled due to settings.
[2017.04.29-13.46.35:578][  0]LogContentBrowser: Native class hierarchy updated for 'HierarchicalLODOutliner' in 0.0014 seconds. Added 1 classes and 2 folders.
[2017.04.29-13.46.35:578][  0]LogLoad: (Engine Initialization) Total time: 16.67 seconds
[2017.04.29-13.46.35:578][  0]LogLoad: (Engine Initialization) Total Blueprint compile time: 0.06 seconds
[2017.04.29-13.46.35:578][  0]LogExternalProfiler: No external profilers were discovered.  External profiling features will not be available.
[2017.04.29-13.46.35:918][  0]LogOcInput: OculusInput pre-init called
[2017.04.29-13.46.36:073][  0]LogContentStreaming: Texture pool size now 1000 MB
[2017.04.29-13.46.36:075][  0]LogSlate: Took 0.000376 seconds to synchronously load lazily loaded font '../../../Engine/Content/Slate/Fonts/Roboto-Regular.ttf' (155K)
[2017.04.29-13.46.36:083][  0]LogSlate: Took 0.000329 seconds to synchronously load lazily loaded font '../../../Engine/Content/Slate/Fonts/Roboto-Bold.ttf' (160K)
[2017.04.29-13.46.36:173][  0]LogSlate: Took 0.027020 seconds to synchronously load lazily loaded font '../../../Engine/Content/Editor/Slate/Fonts/FontAwesome.ttf' (139K)
[2017.04.29-13.46.36:897][  0]LogSlate: Took 0.000255 seconds to synchronously load lazily loaded font '../../../Engine/Content/Slate/Fonts/Roboto-Light.ttf' (159K)
[2017.04.29-13.46.36:972][  0]LogRenderer: Reallocating scene render targets to support 1208x580 NumSamples 1 (Frame:2).
[2017.04.29-13.46.37:316][  1]LogAssetRegistry: Asset discovery search completed in 11.5568 seconds
[2017.04.29-13.46.37:316][  1]LogCollectionManager: Rebuilt the object cache for 0 collections in 0.000007 seconds (found 0 objects)
[2017.04.29-13.46.37:316][  1]LogCollectionManager: Fixed up redirectors for 0 collections in 0.000023 seconds (updated 0 objects)
[2017.04.29-13.48.24:511][997]LogTemp: Repeting last play command: Selected Viewport
[2017.04.29-13.48.24:531][997]LogBlueprintUserMessages: Early PlayInEditor Detection: Level '/Game/2DSideScrollerCPP/Maps/2DSideScrollerExampleMap.2DSideScrollerExampleMap:PersistentLevel' has LevelScriptBlueprint '/Game/2DSideScrollerCPP/Maps/2DSideScrollerExampleMap.2DSideScrollerExampleMap:PersistentLevel.2DSideScrollerExampleMap' with GeneratedClass '/Game/2DSideScrollerCPP/Maps/2DSideScrollerExampleMap.2DSideScrollerExampleMap_C' with ClassGeneratedBy '/Game/2DSideScrollerCPP/Maps/2DSideScrollerExampleMap.2DSideScrollerExampleMap:PersistentLevel.2DSideScrollerExampleMap'
[2017.04.29-13.48.24:556][997]LogPlayLevel: PlayLevel: No blueprints needed recompiling
[2017.04.29-13.48.24:636][997]PIE: New page: PIE session: 2DSideScrollerExampleMap (Apr 29, 2017, 5:48:24 PM)
[2017.04.29-13.48.24:645][997]LogPlayLevel: Creating play world package: /Game/2DSideScrollerCPP/Maps/UEDPIE_0_2DSideScrollerExampleMap
[2017.04.29-13.48.24:722][997]LogPlayLevel: PIE: StaticDuplicateObject took: (0.077318s)
[2017.04.29-13.48.24:723][997]LogAIModule: Creating AISystem for world 2DSideScrollerExampleMap
[2017.04.29-13.48.24:732][997]LogPlayLevel: PIE: World Init took: (0.009437s)
[2017.04.29-13.48.24:745][997]LogPlayLevel: PIE: Created PIE world by copying editor world from /Game/2DSideScrollerCPP/Maps/2DSideScrollerExampleMap.2DSideScrollerExampleMap to /Game/2DSideScrollerCPP/Maps/UEDPIE_0_2DSideScrollerExampleMap.2DSideScrollerExampleMap (0.101162s)
[2017.04.29-13.48.24:772][997]LogInit: XAudio2 using 'Speakers (High Definition Audio Device)' : 2 channels at 44.1 kHz using 16 bits per sample (channel mask 0x3)
[2017.04.29-13.48.24:779][997]LogInit: FAudioDevice initialized.
[2017.04.29-13.48.24:977][997]LogLoad: Game class is 'BlueGameMode'
[2017.04.29-13.48.25:062][997]LogWorld: Bringing World /Game/2DSideScrollerCPP/Maps/UEDPIE_0_2DSideScrollerExampleMap.2DSideScrollerExampleMap up for play (max tick rate 0) at 2017.04.29-15.48.25
[2017.04.29-13.48.25:138][997]LogWorld: Bringing up level for play took: 0.085761
[2017.04.29-13.48.25:373][997]LogContentBrowser: Native class hierarchy updated for 'MovieSceneCapture' in 0.0015 seconds. Added 11 classes and 0 folders.
[2017.04.29-13.48.25:406][997]PIE: Info Play in editor start time for /Game/2DSideScrollerCPP/Maps/UEDPIE_0_2DSideScrollerExampleMap 1.205
[2017.04.29-13.48.25:406][997]LogBlueprintUserMessages: Late PlayInEditor Detection: Level '/Game/2DSideScrollerCPP/Maps/2DSideScrollerExampleMap.2DSideScrollerExampleMap:PersistentLevel' has LevelScriptBlueprint '/Game/2DSideScrollerCPP/Maps/2DSideScrollerExampleMap.2DSideScrollerExampleMap:PersistentLevel.2DSideScrollerExampleMap' with GeneratedClass '/Game/2DSideScrollerCPP/Maps/2DSideScrollerExampleMap.2DSideScrollerExampleMap_C' with ClassGeneratedBy '/Game/2DSideScrollerCPP/Maps/2DSideScrollerExampleMap.2DSideScrollerExampleMap:PersistentLevel.2DSideScrollerExampleMap'
[2017.04.29-13.48.55:436][564]LogBlueprintUserMessages: Early EndPlayMap Detection: Level '/Game/2DSideScrollerCPP/Maps/2DSideScrollerExampleMap.2DSideScrollerExampleMap:PersistentLevel' has LevelScriptBlueprint '/Game/2DSideScrollerCPP/Maps/2DSideScrollerExampleMap.2DSideScrollerExampleMap:PersistentLevel.2DSideScrollerExampleMap' with GeneratedClass '/Game/2DSideScrollerCPP/Maps/2DSideScrollerExampleMap.2DSideScrollerExampleMap_C' with ClassGeneratedBy '/Game/2DSideScrollerCPP/Maps/2DSideScrollerExampleMap.2DSideScrollerExampleMap:PersistentLevel.2DSideScrollerExampleMap'
[2017.04.29-13.48.55:566][564]LogBlueprintUserMessages: Late EndPlayMap Detection: Level '/Game/2DSideScrollerCPP/Maps/2DSideScrollerExampleMap.2DSideScrollerExampleMap:PersistentLevel' has LevelScriptBlueprint '/Game/2DSideScrollerCPP/Maps/2DSideScrollerExampleMap.2DSideScrollerExampleMap:PersistentLevel.2DSideScrollerExampleMap' with GeneratedClass '/Game/2DSideScrollerCPP/Maps/2DSideScrollerExampleMap.2DSideScrollerExampleMap_C' with ClassGeneratedBy '/Game/2DSideScrollerCPP/Maps/2DSideScrollerExampleMap.2DSideScrollerExampleMap:PersistentLevel.2DSideScrollerExampleMap'
[2017.04.29-13.50.13:458][498]LogSlate: Took 0.000200 seconds to synchronously load lazily loaded font '../../../Engine/Content/Slate/Fonts/Roboto-Light.ttf' (159K)
[2017.04.29-13.50.31:450][617]LogRenderer: Reallocating scene render targets to support 1208x584 NumSamples 1 (Frame:13904).
[2017.04.29-13.50.31:491][618]LogRenderer: Reallocating scene render targets to support 1208x592 NumSamples 1 (Frame:13906).
[2017.04.29-13.50.31:537][619]LogRenderer: Reallocating scene render targets to support 1208x600 NumSamples 1 (Frame:13908).
[2017.04.29-13.50.31:613][620]LogRenderer: Reallocating scene render targets to support 1208x608 NumSamples 1 (Frame:13910).
[2017.04.29-13.50.31:697][621]LogRenderer: Reallocating scene render targets to support 1208x616 NumSamples 1 (Frame:13912).
[2017.04.29-13.50.31:766][622]LogRenderer: Reallocating scene render targets to support 1208x620 NumSamples 1 (Frame:13914).
[2017.04.29-13.50.31:835][623]LogRenderer: Reallocating scene render targets to support 1208x628 NumSamples 1 (Frame:13916).
[2017.04.29-13.50.31:895][624]LogRenderer: Reallocating scene render targets to support 1208x632 NumSamples 1 (Frame:13918).
[2017.04.29-13.50.31:960][625]LogRenderer: Reallocating scene render targets to support 1208x636 NumSamples 1 (Frame:13920).
[2017.04.29-13.50.32:054][627]LogRenderer: Reallocating scene render targets to support 1208x640 NumSamples 1 (Frame:13924).
[2017.04.29-13.50.32:138][629]LogRenderer: Reallocating scene render targets to support 1208x644 NumSamples 1 (Frame:13928).
[2017.04.29-13.50.32:684][681]LogRenderer: Reallocating scene render targets to support 1208x648 NumSamples 1 (Frame:13983).
[2017.04.29-13.51.13:525][746]LogRenderer: Reallocating scene render targets to support 1208x680 NumSamples 1 (Frame:18038).
[2017.04.29-13.51.50:855][ 50]LogRenderer: Reallocating scene render targets to support 1216x680 NumSamples 1 (Frame:22347).
[2017.04.29-13.51.50:896][ 51]LogRenderer: Reallocating scene render targets to support 1240x680 NumSamples 1 (Frame:22349).
[2017.04.29-13.51.50:942][ 52]LogRenderer: Reallocating scene render targets to support 1272x680 NumSamples 1 (Frame:22351).
[2017.04.29-13.51.51:013][ 53]LogRenderer: Reallocating scene render targets to support 1288x680 NumSamples 1 (Frame:22353).
[2017.04.29-13.51.53:475][307]LogRenderer: Reallocating scene render targets to support 1296x680 NumSamples 1 (Frame:22617).
[2017.04.29-13.51.53:560][308]LogRenderer: Reallocating scene render targets to support 1336x680 NumSamples 1 (Frame:22619).
[2017.04.29-13.51.53:609][309]LogRenderer: Reallocating scene render targets to support 1348x680 NumSamples 1 (Frame:22621).
[2017.04.29-13.53.07:718][112]LogEditorViewport: Clicking on Actor (LMB): BP_2DSideScrollerCharacter_C (TP_2DSideScrollerCharacter)
[2017.04.29-13.53.16:223][724]LogSlate: Took 0.009344 seconds to synchronously load lazily loaded font '../../../Engine/Content/Editor/Slate/Fonts/Roboto-Italic.ttf' (157K)
[2017.04.29-14.05.01:801][840]SourceControl: Info On branch master
[2017.04.29-14.05.01:801][840]SourceControl: Info Your branch is up-to-date with 'origin/master'.
[2017.04.29-14.05.01:801][840]SourceControl: Info nothing to commit, working tree clean
[2017.04.29-14.08.59:306][964]Cmd: QUIT_EDITOR
[2017.04.29-14.09.00:121][964]LogWindowsTextInputMethodSystem:Display: IME system now deactivated.
[2017.04.29-14.09.00:181][964]LogExit: Preparing to exit.
[2017.04.29-14.09.01:230][964]LogDirectoryWatcher: A directory notification for 'B:/dev/UE4/UE4DumpYard/Blue/Content/' was aborted.
[2017.04.29-14.09.01:380][964]LogExit: Editor shut down
[2017.04.29-14.09.01:381][964]LogExit: Transaction tracking system shut down
[2017.04.29-14.09.02:459][964]LogObj: Freed 0b from 0 cluster array pools.
[2017.04.29-14.09.02:459][964]LogExit: Object subsystem successfully closed.
[2017.04.29-14.09.02:618][964]LogD3D11RHI: Shutdown
[2017.04.29-14.09.02:618][964]LogD3D11RHI: CleanupD3DDevice
[2017.04.29-14.09.02:765][964]LogD3D11RHI: ~FD3D11DynamicRHI
[2017.04.29-14.09.03:427][964]LogModuleManager: Shutting down and abandoning module MovieSceneCapture (502)
[2017.04.29-14.09.03:427][964]LogModuleManager: Shutting down and abandoning module HierarchicalLODOutliner (500)
[2017.04.29-14.09.03:440][964]LogModuleManager: Shutting down and abandoning module CrashTracker (498)
[2017.04.29-14.09.03:440][964]LogModuleManager: Shutting down and abandoning module SceneOutliner (496)
[2017.04.29-14.09.03:440][964]LogModuleManager: Shutting down and abandoning module AddContentDialog (494)
[2017.04.29-14.09.03:463][964]LogDirectoryWatcher: A directory notification for 'B:/Programs/Epic Games/UE_4.15/FeaturePacks/' was aborted.
[2017.04.29-14.09.03:467][964]LogModuleManager: Shutting down and abandoning module WidgetCarousel (493)
[2017.04.29-14.09.03:467][964]LogModuleManager: Shutting down and abandoning module EditorWidgets (490)
[2017.04.29-14.09.03:467][964]LogModuleManager: Shutting down and abandoning module CollectionManager (488)
[2017.04.29-14.09.03:471][964]LogDirectoryWatcher: A directory notification for 'B:/dev/UE4/UE4DumpYard/Blue/Content/Collections/' was aborted.
[2017.04.29-14.09.03:471][964]LogDirectoryWatcher: A directory notification for 'B:/dev/UE4/UE4DumpYard/Blue/Content/Developers/jae91/Collections/' was aborted.
[2017.04.29-14.09.03:471][964]LogDirectoryWatcher: A directory notification for 'B:/dev/UE4/UE4DumpYard/Blue/Saved/Collections/' was aborted.
[2017.04.29-14.09.03:472][964]LogModuleManager: Shutting down and abandoning module StatsViewer (486)
[2017.04.29-14.09.03:474][964]LogModuleManager: Shutting down and abandoning module FoliageEdit (484)
[2017.04.29-14.09.03:474][964]LogModuleManager: Shutting down and abandoning module LandscapeEditor (482)
[2017.04.29-14.09.03:489][964]LogModuleManager: Shutting down and abandoning module SceneDepthPickerMode (480)
[2017.04.29-14.09.03:489][964]LogModuleManager: Shutting down and abandoning module ActorPickerMode (478)
[2017.04.29-14.09.03:489][964]LogModuleManager: Shutting down and abandoning module GeometryMode (476)
[2017.04.29-14.09.03:489][964]LogModuleManager: Shutting down and abandoning module TextureAlignMode (474)
[2017.04.29-14.09.03:489][964]LogModuleManager: Shutting down and abandoning module BspMode (472)
[2017.04.29-14.09.03:499][964]LogModuleManager: Shutting down and abandoning module HardwareSurvey (470)
[2017.04.29-14.09.03:507][964]LogModuleManager: Shutting down and abandoning module SequenceRecorderSections (468)
[2017.04.29-14.09.03:511][964]LogModuleManager: Shutting down and abandoning module AutomationWorker (466)
[2017.04.29-14.09.03:519][964]LogModuleManager: Shutting down and abandoning module MatineeToLevelSequence (464)
[2017.04.29-14.09.03:536][964]LogModuleManager: Shutting down and abandoning module LevelSequenceEditor (462)
[2017.04.29-14.09.03:580][964]LogModuleManager: Shutting down and abandoning module PlacementMode (461)
[2017.04.29-14.09.03:580][964]LogModuleManager: Shutting down and abandoning module WmfMediaFactory (458)
[2017.04.29-14.09.03:580][964]LogModuleManager: Shutting down and abandoning module WmfMediaEditor (456)
[2017.04.29-14.09.03:580][964]LogModuleManager: Shutting down and abandoning module MfMediaFactory (454)
[2017.04.29-14.09.03:580][964]LogModuleManager: Shutting down and abandoning module MfMediaEditor (452)
[2017.04.29-14.09.03:580][964]LogModuleManager: Shutting down and abandoning module AvfMediaFactory (450)
[2017.04.29-14.09.03:580][964]LogModuleManager: Shutting down and abandoning module AvfMediaEditor (448)
[2017.04.29-14.09.03:580][964]LogModuleManager: Shutting down and abandoning module AndroidMediaFactory (446)
[2017.04.29-14.09.03:580][964]LogModuleManager: Shutting down and abandoning module Media (445)
[2017.04.29-14.09.03:580][964]LogModuleManager: Shutting down and abandoning module AndroidMediaEditor (442)
[2017.04.29-14.09.03:580][964]LogModuleManager: Shutting down and abandoning module CharacterAI (440)
[2017.04.29-14.09.03:580][964]LogModuleManager: Shutting down and abandoning module AudioCapture (438)
[2017.04.29-14.09.03:599][964]LogModuleManager: Shutting down and abandoning module SequenceRecorder (437)
[2017.04.29-14.09.03:624][964]LogModuleManager: Shutting down and abandoning module SmartSnapping (434)
[2017.04.29-14.09.03:624][964]LogModuleManager: Shutting down and abandoning module SessionServices (432)
[2017.04.29-14.09.03:624][964]LogModuleManager: Shutting down and abandoning module ViewportSnapping (430)
[2017.04.29-14.09.03:624][964]LogModuleManager: Shutting down and abandoning module ViewportInteraction (428)
[2017.04.29-14.09.03:624][964]LogModuleManager: Shutting down and abandoning module LogVisualizer (426)
[2017.04.29-14.09.03:639][964]LogModuleManager: Shutting down and abandoning module IntroTutorials (424)
[2017.04.29-14.09.03:647][964]LogModuleManager: Shutting down and abandoning module GameProjectGeneration (423)
[2017.04.29-14.09.03:666][964]LogModuleManager: Shutting down and abandoning module EditorLiveStreaming (420)
[2017.04.29-14.09.03:666][964]LogModuleManager: Shutting down and abandoning module IOSPlatformEditor (418)
[2017.04.29-14.09.03:666][964]LogModuleManager: Shutting down and abandoning module HTML5PlatformEditor (416)
[2017.04.29-14.09.03:666][964]LogModuleManager: Shutting down and abandoning module AndroidPlatformEditor (414)
[2017.04.29-14.09.03:674][964]LogModuleManager: Shutting down and abandoning module AndroidDeviceDetection (413)
[2017.04.29-14.09.04:658][964]LogModuleManager: Shutting down and abandoning module IOSRuntimeSettings (410)
[2017.04.29-14.09.04:658][964]LogModuleManager: Shutting down and abandoning module AndroidRuntimeSettings (408)
[2017.04.29-14.09.04:658][964]LogModuleManager: Shutting down and abandoning module InputBindingEditor (406)
[2017.04.29-14.09.04:658][964]LogModuleManager: Shutting down and abandoning module NiagaraEditor (404)
[2017.04.29-14.09.04:689][964]LogModuleManager: Shutting down and abandoning module MergeActors (402)
[2017.04.29-14.09.04:695][964]LogModuleManager: Shutting down and abandoning module SizeMap (400)
[2017.04.29-14.09.04:701][964]LogModuleManager: Shutting down and abandoning module TreeMap (398)
[2017.04.29-14.09.04:702][964]LogModuleManager: Shutting down and abandoning module ReferenceViewer (396)
[2017.04.29-14.09.04:702][964]LogModuleManager: Shutting down and abandoning module LocalizationDashboard (394)
[2017.04.29-14.09.04:711][964]LogModuleManager: Shutting down and abandoning module LocalizationService (393)
[2017.04.29-14.09.04:722][964]LogModuleManager: Shutting down and abandoning module HardwareTargeting (390)
[2017.04.29-14.09.04:722][964]LogModuleManager: Shutting down and abandoning module DeviceProfileEditor (388)
[2017.04.29-14.09.04:736][964]LogModuleManager: Shutting down and abandoning module UndoHistory (386)
[2017.04.29-14.09.04:736][964]LogModuleManager: Shutting down and abandoning module UserFeedback (384)
[2017.04.29-14.09.04:737][964]LogModuleManager: Shutting down and abandoning module XmlParser (382)
[2017.04.29-14.09.04:737][964]LogModuleManager: Shutting down and abandoning module Blutility (380)
[2017.04.29-14.09.04:737][964]LogModuleManager: Shutting down and abandoning module ProjectSettingsViewer (378)
[2017.04.29-14.09.04:737][964]LogModuleManager: Shutting down and abandoning module ProjectTargetPlatformEditor (377)
[2017.04.29-14.09.04:738][964]LogModuleManager: Shutting down and abandoning module EditorSettingsViewer (374)
[2017.04.29-14.09.04:738][964]LogModuleManager: Shutting down and abandoning module SettingsEditor (372)
[2017.04.29-14.09.04:738][964]LogModuleManager: Shutting down and abandoning module ProjectLauncher (370)
[2017.04.29-14.09.04:744][964]LogModuleManager: Shutting down and abandoning module SessionFrontend (368)
[2017.04.29-14.09.04:754][964]LogModuleManager: Shutting down and abandoning module ProfilerClient (366)
[2017.04.29-14.09.04:755][964]LogModuleManager: Shutting down and abandoning module DeviceManager (364)
[2017.04.29-14.09.04:769][964]LogModuleManager: Shutting down and abandoning module TargetDeviceServices (363)
[2017.04.29-14.09.04:816][964]LogModuleManager: Shutting down and abandoning module AutomationController (360)
[2017.04.29-14.09.04:821][964]LogModuleManager: Shutting down and abandoning module AutomationWindow (358)
[2017.04.29-14.09.04:836][964]LogModuleManager: Shutting down and abandoning module Layers (356)
[2017.04.29-14.09.04:856][964]LogModuleManager: Shutting down and abandoning module ComponentVisualizers (354)
[2017.04.29-14.09.04:856][964]LogModuleManager: Shutting down and abandoning module DetailCustomizations (352)
[2017.04.29-14.09.04:871][964]LogModuleManager: Shutting down and abandoning module PackagesDialog (350)
[2017.04.29-14.09.04:872][964]LogModuleManager: Shutting down and abandoning module Persona (348)
[2017.04.29-14.09.04:888][964]LogModuleManager: Shutting down and abandoning module AnimGraph (347)
[2017.04.29-14.09.04:888][964]LogModuleManager: Shutting down and abandoning module Kismet (344)
[2017.04.29-14.09.04:908][964]LogModuleManager: Shutting down and abandoning module GraphEditor (342)
[2017.04.29-14.09.04:944][964]LogModuleManager: Shutting down and abandoning module ClassViewer (340)
[2017.04.29-14.09.04:953][964]LogModuleManager: Shutting down and abandoning module Toolbox (338)
[2017.04.29-14.09.04:958][964]LogModuleManager: Shutting down and abandoning module ModuleUI (336)
[2017.04.29-14.09.04:958][964]LogModuleManager: Shutting down and abandoning module MovieSceneTools (334)
[2017.04.29-14.09.04:969][964]LogModuleManager: Shutting down and abandoning module OutputLog (332)
[2017.04.29-14.09.04:975][964]LogModuleManager: Shutting down and abandoning module GammaUI (330)
[2017.04.29-14.09.04:981][964]LogModuleManager: Shutting down and abandoning module Documentation (328)
[2017.04.29-14.09.04:981][964]LogModuleManager: Shutting down and abandoning module Niagara (326)
[2017.04.29-14.09.04:981][964]LogModuleManager: Shutting down and abandoning module StreamingPauseRendering (324)
[2017.04.29-14.09.04:981][964]LogModuleManager: Shutting down and abandoning module AnalyticsET (322)
[2017.04.29-14.09.04:981][964]LogModuleManager: Shutting down and abandoning module PortalServices (320)
[2017.04.29-14.09.04:981][964]LogModuleManager: Shutting down and abandoning module PortalRpc (318)
[2017.04.29-14.09.04:981][964]LogModuleManager: Shutting down and abandoning module MessagingRpc (316)
[2017.04.29-14.09.04:981][964]LogModuleManager: Shutting down and abandoning module AIModule (314)
[2017.04.29-14.09.04:981][964]LogModuleManager: Shutting down and abandoning module GameplayDebugger (313)
[2017.04.29-14.09.04:990][964]LogModuleManager: Shutting down and abandoning module AITestSuite (311)
[2017.04.29-14.09.04:990][964]LogModuleManager: Shutting down and abandoning module ProfilerService (308)
[2017.04.29-14.09.05:113][964]LogModuleManager: Shutting down and abandoning module TaskGraph (306)
[2017.04.29-14.09.05:128][964]LogModuleManager: Shutting down and abandoning module SteamVRController (304)
[2017.04.29-14.09.05:128][964]LogModuleManager: Shutting down and abandoning module SteamVR (302)
[2017.04.29-14.09.05:128][964]LogModuleManager: Shutting down and abandoning module ProceduralMeshComponentEditor (300)
[2017.04.29-14.09.05:128][964]LogModuleManager: Shutting down and abandoning module ProceduralMeshComponent (298)
[2017.04.29-14.09.05:137][964]LogModuleManager: Shutting down and abandoning module OculusLibrary (296)
[2017.04.29-14.09.05:137][964]LogModuleManager: Shutting down and abandoning module OculusInput (294)
[2017.04.29-14.09.05:137][964]LogModuleManager: Shutting down and abandoning module MobilePatchingUtils (292)
[2017.04.29-14.09.05:137][964]LogModuleManager: Shutting down and abandoning module CustomMeshComponent (290)
[2017.04.29-14.09.05:137][964]LogModuleManager: Shutting down and abandoning module CableComponent (288)
[2017.04.29-14.09.05:143][964]LogModuleManager: Shutting down and abandoning module ArchVisCharacter (286)
[2017.04.29-14.09.05:143][964]LogModuleManager: Shutting down and abandoning module MediaPlayerEditor (282)
[2017.04.29-14.09.05:164][964]LogModuleManager: Shutting down and abandoning module HTML5Networking (280)
[2017.04.29-14.09.05:164][964]LogModuleManager: Shutting down and abandoning module AlembicImporter (278)
[2017.04.29-14.09.05:170][964]LogModuleManager: Shutting down and abandoning module AlembicLibrary (277)
[2017.04.29-14.09.05:170][964]LogModuleManager: Shutting down and abandoning module GeometryCache (276)
[2017.04.29-14.09.05:186][964]LogModuleManager: Shutting down and abandoning module GeometryCacheEd (275)
[2017.04.29-14.09.05:186][964]LogModuleManager: Shutting down and abandoning module SuperSearchEditor (270)
[2017.04.29-14.09.05:186][964]LogModuleManager: Shutting down and abandoning module SuperSearch (269)
[2017.04.29-14.09.05:186][964]LogModuleManager: Shutting down and abandoning module SpeedTreeImporter (266)
[2017.04.29-14.09.05:186][964]LogModuleManager: Shutting down and abandoning module PluginBrowser (264)
[2017.04.29-14.09.05:213][964]LogModuleManager: Shutting down and abandoning module MobileLauncherProfileWizard (262)
[2017.04.29-14.09.05:220][964]LogModuleManager: Shutting down and abandoning module EpicSurvey (260)
[2017.04.29-14.09.05:220][964]LogModuleManager: Shutting down and abandoning module VisualStudioSourceCodeAccess (258)
[2017.04.29-14.09.05:220][964]LogModuleManager: Shutting down and abandoning module DesktopPlatform (257)
[2017.04.29-14.09.05:235][964]LogModuleManager: Shutting down and abandoning module UObjectPlugin (254)
[2017.04.29-14.09.05:235][964]LogModuleManager: Shutting down and abandoning module SubversionSourceControl (252)
[2017.04.29-14.09.05:243][964]LogModuleManager: Shutting down and abandoning module PerforceSourceControl (250)
[2017.04.29-14.09.05:253][964]LogModuleManager: Shutting down and abandoning module GitSourceControl (248)
[2017.04.29-14.09.05:253][964]LogModuleManager: Shutting down and abandoning module SourceControl (247)
[2017.04.29-14.09.05:253][964]LogModuleManager: Shutting down and abandoning module LightPropagationVolumeEditor (244)
[2017.04.29-14.09.05:253][964]LogModuleManager: Shutting down and abandoning module PaperTiledImporter (242)
[2017.04.29-14.09.05:253][964]LogModuleManager: Shutting down and abandoning module PaperSpriteSheetImporter (240)
[2017.04.29-14.09.05:253][964]LogModuleManager: Shutting down and abandoning module Paper2DEditor (238)
[2017.04.29-14.09.05:273][964]LogModuleManager: Shutting down and abandoning module MeshPaint (237)
[2017.04.29-14.09.05:273][964]LogModuleManager: Shutting down and abandoning module LevelEditor (235)
[2017.04.29-14.09.05:293][964]LogModuleManager: Shutting down and abandoning module PixelInspectorModule (234)
[2017.04.29-14.09.05:306][964]LogModuleManager: Shutting down and abandoning module MainFrame (232)
[2017.04.29-14.09.05:306][964]LogModuleManager: Shutting down and abandoning module HotReload (231)
[2017.04.29-14.09.05:316][964]LogDirectoryWatcher: A directory notification for 'B:/dev/UE4/UE4DumpYard/Blue/Binaries/Win64' was aborted.
[2017.04.29-14.09.05:317][964]LogModuleManager: Shutting down and abandoning module ContentBrowser (227)
[2017.04.29-14.09.05:319][964]LogModuleManager: Shutting down and abandoning module Blue (224)
[2017.04.29-14.09.05:319][964]LogModuleManager: Shutting down and abandoning module PhysXVehiclesEditor (222)
[2017.04.29-14.09.05:319][964]LogModuleManager: Shutting down and abandoning module PhysXVehicles (220)
[2017.04.29-14.09.05:319][964]LogModuleManager: Shutting down and abandoning module LocationServicesBPLibrary (218)
[2017.04.29-14.09.05:319][964]LogModuleManager: Shutting down and abandoning module UdpMessaging (216)
[2017.04.29-14.09.05:419][964]LogModuleManager: Shutting down and abandoning module TcpMessaging (214)
[2017.04.29-14.09.05:526][964]LogModuleManager: Shutting down and abandoning module GameplayTagsEditor (212)
[2017.04.29-14.09.05:541][964]LogModuleManager: Shutting down and abandoning module FacialAnimationEditor (210)
[2017.04.29-14.09.05:552][964]LogModuleManager: Shutting down and abandoning module FacialAnimation (208)
[2017.04.29-14.09.05:552][964]LogModuleManager: Shutting down and abandoning module LightPropagationVolumeRuntime (206)
[2017.04.29-14.09.05:552][964]LogModuleManager: Shutting down and abandoning module Paper2D (204)
[2017.04.29-14.09.05:558][964]LogModuleManager: Shutting down and abandoning module WindowsMoviePlayer (202)
[2017.04.29-14.09.05:580][964]LogModuleManager: Shutting down and abandoning module WmfMedia (200)
[2017.04.29-14.09.05:608][964]LogModuleManager: Shutting down and abandoning module MfMedia (198)
[2017.04.29-14.09.05:608][964]LogModuleManager: Shutting down and abandoning module MediaAssets (196)
[2017.04.29-14.09.05:608][964]LogModuleManager: Shutting down and abandoning module GameLiveStreaming (194)
[2017.04.29-14.09.05:624][964]LogModuleManager: Shutting down and abandoning module VREditor (192)
[2017.04.29-14.09.05:624][964]LogModuleManager: Shutting down and abandoning module GameplayTasksEditor (190)
[2017.04.29-14.09.05:624][964]LogModuleManager: Shutting down and abandoning module BehaviorTreeEditor (188)
[2017.04.29-14.09.05:640][964]LogModuleManager: Shutting down and abandoning module FunctionalTesting (186)
[2017.04.29-14.09.05:651][964]LogModuleManager: Shutting down and abandoning module CollisionAnalyzer (184)
[2017.04.29-14.09.05:662][964]LogModuleManager: Shutting down and abandoning module UMG (182)
[2017.04.29-14.09.05:678][964]LogModuleManager: Shutting down and abandoning module UMGEditor (181)
[2017.04.29-14.09.05:707][964]LogModuleManager: Shutting down and abandoning module Sequencer (180)
[2017.04.29-14.09.05:731][964]LogModuleManager: Shutting down and abandoning module AssetTools (178)
[2017.04.29-14.09.05:747][964]LogModuleManager: Shutting down and abandoning module MessageLog (177)
[2017.04.29-14.09.05:747][964]LogModuleManager: Shutting down and abandoning module WorkspaceMenuStructure (176)
[2017.04.29-14.09.05:747][964]LogModuleManager: Shutting down and abandoning module SlateReflector (170)
[2017.04.29-14.09.05:797][964]LogModuleManager: Shutting down and abandoning module Slate (168)
[2017.04.29-14.09.05:797][964]LogModuleManager: Shutting down and abandoning module EditorStyle (166)
[2017.04.29-14.09.05:801][964]LogModuleManager: Shutting down and abandoning module SourceCodeAccess (164)
[2017.04.29-14.09.05:805][964]LogModuleManager: Shutting down and abandoning module HeadMountedDisplay (162)
[2017.04.29-14.09.05:805][964]LogModuleManager: Shutting down and abandoning module XAudio2 (160)
[2017.04.29-14.09.05:805][964]LogModuleManager: Shutting down and abandoning module Networking (158)
[2017.04.29-14.09.05:805][964]LogModuleManager: Shutting down and abandoning module Core (154)
[2017.04.29-14.09.05:805][964]LogModuleManager: Shutting down and abandoning module AssetRegistry (152)
[2017.04.29-14.09.05:998][964]LogDirectoryWatcher: A directory notification for '../../../Engine/Content/' was aborted.
[2017.04.29-14.09.05:998][964]LogDirectoryWatcher: A directory notification for '../../../../../../dev/UE4/UE4DumpYard/Blue/Content/' was aborted.
[2017.04.29-14.09.05:998][964]LogDirectoryWatcher: A directory notification for '../../../Engine/Plugins/2D/Paper2D/Content/' was aborted.
[2017.04.29-14.09.06:008][964]LogModuleManager: Shutting down and abandoning module DirectoryWatcher (151)
[2017.04.29-14.09.06:009][964]LogModuleManager: Shutting down and abandoning module KismetCompiler (148)
[2017.04.29-14.09.06:009][964]LogModuleManager: Shutting down and abandoning module PhysXFormats (146)
[2017.04.29-14.09.06:009][964]LogModuleManager: Shutting down and abandoning module MeshUtilities (144)
[2017.04.29-14.09.06:029][964]LogModuleManager: Shutting down and abandoning module SimplygonSwarm (143)
[2017.04.29-14.09.06:036][964]LogModuleManager: Shutting down and abandoning module SimplygonMeshReduction (141)
[2017.04.29-14.09.06:036][964]LogModuleManager: Shutting down and abandoning module QuadricMeshReduction (139)
[2017.04.29-14.09.06:046][964]LogModuleManager: Shutting down and abandoning module PropertyEditor (137)
[2017.04.29-14.09.06:046][964]LogModuleManager: Shutting down and abandoning module DerivedDataCache (134)
[2017.04.29-14.09.06:071][964]LogDerivedDataCache: Shutdown
[2017.04.29-14.09.06:071][964]LogModuleManager: Shutting down and abandoning module TargetPlatform (132)
[2017.04.29-14.09.06:071][964]LogModuleManager: Shutting down and abandoning module VulkanShaderFormat (131)
[2017.04.29-14.09.06:078][964]LogModuleManager: Shutting down and abandoning module ShaderFormatOpenGL (129)
[2017.04.29-14.09.06:090][964]LogModuleManager: Shutting down and abandoning module ShaderFormatD3D (127)
[2017.04.29-14.09.06:096][964]LogModuleManager: Shutting down and abandoning module MetalShaderFormat (125)
[2017.04.29-14.09.06:101][964]LogModuleManager: Shutting down and abandoning module TextureFormatUncompressed (123)
[2017.04.29-14.09.06:101][964]LogModuleManager: Shutting down and abandoning module TextureFormatPVR (121)
[2017.04.29-14.09.06:101][964]LogModuleManager: Shutting down and abandoning module TextureFormatDXT (119)
[2017.04.29-14.09.06:118][964]LogModuleManager: Shutting down and abandoning module TextureFormatIntelISPCTexComp (117)
[2017.04.29-14.09.06:127][964]LogModuleManager: Shutting down and abandoning module TextureFormatASTC (115)
[2017.04.29-14.09.06:127][964]LogModuleManager: Shutting down and abandoning module ImageWrapper (114)
[2017.04.29-14.09.06:127][964]LogModuleManager: Shutting down and abandoning module TextureFormatAndroid (111)
[2017.04.29-14.09.06:127][964]LogModuleManager: Shutting down and abandoning module AudioFormatOpus (109)
[2017.04.29-14.09.06:137][964]LogModuleManager: Shutting down and abandoning module AudioFormatOgg (107)
[2017.04.29-14.09.06:137][964]LogModuleManager: Shutting down and abandoning module AudioFormatADPCM (105)
[2017.04.29-14.09.06:137][964]LogModuleManager: Shutting down and abandoning module LinuxTargetPlatform (103)
[2017.04.29-14.09.06:137][964]LogModuleManager: Shutting down and abandoning module LinuxServerTargetPlatform (101)
[2017.04.29-14.09.06:137][964]LogModuleManager: Shutting down and abandoning module LinuxNoEditorTargetPlatform (99)
[2017.04.29-14.09.06:137][964]LogModuleManager: Shutting down and abandoning module LinuxClientTargetPlatform (97)
[2017.04.29-14.09.06:137][964]LogModuleManager: Shutting down and abandoning module TVOSTargetPlatform (95)
[2017.04.29-14.09.06:137][964]LogModuleManager: Shutting down and abandoning module Messaging (93)
[2017.04.29-14.09.06:137][964]LogModuleManager: Shutting down and abandoning module IOSTargetPlatform (91)
[2017.04.29-14.09.06:137][964]LogModuleManager: Shutting down and abandoning module HTML5TargetPlatform (89)
[2017.04.29-14.09.06:137][964]LogModuleManager: Shutting down and abandoning module Android_PVRTCTargetPlatform (87)
[2017.04.29-14.09.06:137][964]LogModuleManager: Shutting down and abandoning module Android_MultiTargetPlatform (85)
[2017.04.29-14.09.06:137][964]LogModuleManager: Shutting down and abandoning module Android_ETC2TargetPlatform (83)
[2017.04.29-14.09.06:137][964]LogModuleManager: Shutting down and abandoning module Android_ETC1TargetPlatform (81)
[2017.04.29-14.09.06:137][964]LogModuleManager: Shutting down and abandoning module Android_DXTTargetPlatform (79)
[2017.04.29-14.09.06:137][964]LogModuleManager: Shutting down and abandoning module Android_ATCTargetPlatform (77)
[2017.04.29-14.09.06:137][964]LogModuleManager: Shutting down and abandoning module Android_ASTCTargetPlatform (75)
[2017.04.29-14.09.06:137][964]LogModuleManager: Shutting down and abandoning module AndroidTargetPlatform (73)
[2017.04.29-14.09.06:137][964]LogModuleManager: Shutting down and abandoning module WindowsTargetPlatform (71)
[2017.04.29-14.09.06:137][964]LogModuleManager: Shutting down and abandoning module WindowsServerTargetPlatform (69)
[2017.04.29-14.09.06:137][964]LogModuleManager: Shutting down and abandoning module WindowsNoEditorTargetPlatform (67)
[2017.04.29-14.09.06:137][964]LogModuleManager: Shutting down and abandoning module WindowsClientTargetPlatform (65)
[2017.04.29-14.09.06:137][964]LogModuleManager: Shutting down and abandoning module MacTargetPlatform (63)
[2017.04.29-14.09.06:137][964]LogModuleManager: Shutting down and abandoning module MacServerTargetPlatform (61)
[2017.04.29-14.09.06:137][964]LogModuleManager: Shutting down and abandoning module MacNoEditorTargetPlatform (59)
[2017.04.29-14.09.06:137][964]LogModuleManager: Shutting down and abandoning module MacClientTargetPlatform (57)
[2017.04.29-14.09.06:137][964]LogModuleManager: Shutting down and abandoning module AllDesktopTargetPlatform (55)
[2017.04.29-14.09.06:137][964]LogModuleManager: Shutting down and abandoning module InputCore (52)
[2017.04.29-14.09.06:137][964]LogModuleManager: Shutting down and abandoning module Settings (50)
[2017.04.29-14.09.06:137][964]LogModuleManager: Shutting down and abandoning module OculusRift (48)
[2017.04.29-14.09.06:149][964]LogModuleManager: Shutting down and abandoning module GearVR (46)
[2017.04.29-14.09.06:149][964]LogModuleManager: Shutting down and abandoning module ExampleDeviceProfileSelector (44)
[2017.04.29-14.09.06:149][964]LogModuleManager: Shutting down and abandoning module OnlineBlueprintSupport (42)
[2017.04.29-14.09.06:149][964]LogModuleManager: Shutting down and abandoning module OnlineSubsystem (38)
[2017.04.29-14.09.06:149][964]LogOnline:Display: Unloading online subsystem: NULL
[2017.04.29-14.09.06:178][964]LogModuleManager: Shutting down and abandoning module XMPP (37)
[2017.04.29-14.09.06:192][964]LogModuleManager: Shutting down and abandoning module HTTP (35)
[2017.04.29-14.09.06:199][964]LogHttp:Display: Http module shutting down, but needs to wait on 1 outstanding Http requests:
[2017.04.29-14.09.06:200][964]LogHttp:Display: 	verb=[POST] url=[https://datarouter.ol.epicgames.com/datarouter/api/v1/public/data?SessionID=%7BFB6E8B4B-42C2-2C8F-5D90-2D827F0F47DE%7D&AppID=UEEditor.Rocket.Release&AppVersion=4.15.1-3348071%2B%2B%2BUE4%2BRelease-4.15&UserID=61192da84de4e6c471de6ba9e25233bc%7C43c2e080392f40d58147adde7e01f44a%7Cfb989ab5-3ba7-4528-8755-fa07915e63eb&AppEnvironment=datacollector-binary&UploadType=eteventstream] status=Processing
[2017.04.29-14.09.06:230][964]LogModuleManager: Shutting down and abandoning module SSL (34)
[2017.04.29-14.09.06:240][964]LogModuleManager: Shutting down and abandoning module AudioEditor (30)
[2017.04.29-14.09.06:251][964]LogModuleManager: Shutting down and abandoning module TextureCompressor (28)
[2017.04.29-14.09.06:260][964]LogModuleManager: Shutting down and abandoning module ShaderCore (26)
[2017.04.29-14.09.06:260][964]LogModuleManager: Shutting down and abandoning module Landscape (24)
[2017.04.29-14.09.06:260][964]LogModuleManager: Shutting down and abandoning module SlateRHIRenderer (22)
[2017.04.29-14.09.06:274][964]LogModuleManager: Shutting down and abandoning module OpenGLDrv (20)
[2017.04.29-14.09.06:279][964]LogModuleManager: Shutting down and abandoning module D3D11RHI (18)
[2017.04.29-14.09.06:279][964]LogModuleManager: Shutting down and abandoning module AnimGraphRuntime (16)
[2017.04.29-14.09.06:285][964]LogModuleManager: Shutting down and abandoning module Renderer (14)
[2017.04.29-14.09.06:285][964]LogModuleManager: Shutting down and abandoning module Engine (12)
[2017.04.29-14.09.06:285][964]LogModuleManager: Shutting down and abandoning module CoreUObject (10)
[2017.04.29-14.09.06:285][964]LogModuleManager: Shutting down and abandoning module NetworkFile (8)
[2017.04.29-14.09.06:299][964]LogModuleManager: Shutting down and abandoning module StreamingFile (6)
[2017.04.29-14.09.06:306][964]LogModuleManager: Shutting down and abandoning module SandboxFile (4)
[2017.04.29-14.09.06:306][964]LogModuleManager: Shutting down and abandoning module PakFile (2)
[2017.04.29-14.09.06:325][964]LogExit: Exiting.
[2017.04.29-14.09.06:348][964]Log file closed, 04/29/17 16:09:06
